[2016-11-23 18:54:26] DEBUG: The Symfony\Component\Debug\ErrorHandler::setLogger static method is deprecated since version 2.6 and will be removed in 3.0. Use the setLoggers() or setDefaultLogger() methods instead.
[2016-11-23 18:54:27] DEBUG: The Symfony\Component\Form\Extension\Csrf\CsrfProvider\CsrfProviderAdapter class is deprecated since version 2.4 and will be removed in version 3.0. Use the Symfony\Component\Security\Csrf\CsrfTokenManager class instead.
[2016-11-23 18:54:27] DEBUG: The Symfony\Component\Security\Core\SecurityContext class is deprecated since version 2.6 and will be removed in 3.0. Use Symfony\Component\Security\Core\Authentication\Token\Storage\TokenStorage or Symfony\Component\Security\Core\Authorization\AuthorizationChecker instead.
[2016-11-23 18:54:27] DEBUG: The Symfony\Component\Security\Core\SecurityContextInterface interface is deprecated since version 2.6 and will be removed in 3.0.
[2016-11-23 18:54:28] DEBUG: The Symfony\Component\Debug\ErrorHandler::setLogger static method is deprecated since version 2.6 and will be removed in 3.0. Use the setLoggers() or setDefaultLogger() methods instead.
[2016-11-23 18:54:29] DEBUG: The Symfony\Component\Debug\ErrorHandler::setLogger static method is deprecated since version 2.6 and will be removed in 3.0. Use the setLoggers() or setDefaultLogger() methods instead.
[2016-11-23 18:54:30] DEBUG: The Symfony\Component\Debug\ErrorHandler::setLogger static method is deprecated since version 2.6 and will be removed in 3.0. Use the setLoggers() or setDefaultLogger() methods instead.
[2016-11-23 18:58:48] DEBUG: The Symfony\Component\Debug\ErrorHandler::setLogger static method is deprecated since version 2.6 and will be removed in 3.0. Use the setLoggers() or setDefaultLogger() methods instead.
[2016-11-23 18:58:48] DEBUG: The Symfony\Component\Form\Extension\Csrf\CsrfProvider\CsrfProviderAdapter class is deprecated since version 2.4 and will be removed in version 3.0. Use the Symfony\Component\Security\Csrf\CsrfTokenManager class instead.
[2016-11-23 18:58:49] DEBUG: The Symfony\Component\Debug\ErrorHandler::setLogger static method is deprecated since version 2.6 and will be removed in 3.0. Use the setLoggers() or setDefaultLogger() methods instead.
[2016-11-23 18:58:49] DEBUG: The Symfony\Component\Debug\ErrorHandler::setLogger static method is deprecated since version 2.6 and will be removed in 3.0. Use the setLoggers() or setDefaultLogger() methods instead.
[2016-11-23 18:58:50] DEBUG: The Symfony\Component\Debug\ErrorHandler::setLogger static method is deprecated since version 2.6 and will be removed in 3.0. Use the setLoggers() or setDefaultLogger() methods instead.
[2016-11-23 18:58:53] DEBUG: The Symfony\Component\Debug\ErrorHandler::setLogger static method is deprecated since version 2.6 and will be removed in 3.0. Use the setLoggers() or setDefaultLogger() methods instead.
[2016-11-23 18:58:53] DEBUG: The Symfony\Component\Form\Extension\Csrf\CsrfProvider\CsrfProviderAdapter class is deprecated since version 2.4 and will be removed in version 3.0. Use the Symfony\Component\Security\Csrf\CsrfTokenManager class instead.
[2016-11-23 18:58:53] DEBUG: The Symfony\Component\Debug\ErrorHandler::setLogger static method is deprecated since version 2.6 and will be removed in 3.0. Use the setLoggers() or setDefaultLogger() methods instead.
[2016-11-23 18:58:53] DEBUG: The Symfony\Component\Debug\ErrorHandler::setLogger static method is deprecated since version 2.6 and will be removed in 3.0. Use the setLoggers() or setDefaultLogger() methods instead.
[2016-11-23 18:58:54] DEBUG: The Symfony\Component\Form\Extension\Csrf\CsrfProvider\CsrfProviderAdapter class is deprecated since version 2.4 and will be removed in version 3.0. Use the Symfony\Component\Security\Csrf\CsrfTokenManager class instead.
[2016-11-23 18:58:54] DEBUG: The Symfony\Component\Debug\ErrorHandler::setLogger static method is deprecated since version 2.6 and will be removed in 3.0. Use the setLoggers() or setDefaultLogger() methods instead.
[2016-11-23 18:58:54] DEBUG: The Symfony\Component\Debug\ErrorHandler::setLogger static method is deprecated since version 2.6 and will be removed in 3.0. Use the setLoggers() or setDefaultLogger() methods instead.
[2016-11-23 18:58:55] DEBUG: The Symfony\Component\Debug\ErrorHandler::setLogger static method is deprecated since version 2.6 and will be removed in 3.0. Use the setLoggers() or setDefaultLogger() methods instead.
[2016-11-23 18:58:56] DEBUG: The Symfony\Component\Debug\ErrorHandler::setLogger static method is deprecated since version 2.6 and will be removed in 3.0. Use the setLoggers() or setDefaultLogger() methods instead.
[2016-11-23 18:58:57] DEBUG: The Symfony\Component\Debug\ErrorHandler::setLogger static method is deprecated since version 2.6 and will be removed in 3.0. Use the setLoggers() or setDefaultLogger() methods instead.
[2016-11-23 18:58:57] DEBUG: The Symfony\Component\Debug\ErrorHandler::setLogger static method is deprecated since version 2.6 and will be removed in 3.0. Use the setLoggers() or setDefaultLogger() methods instead.
[2016-11-23 18:58:58] DEBUG: The Symfony\Component\Debug\ErrorHandler::setLogger static method is deprecated since version 2.6 and will be removed in 3.0. Use the setLoggers() or setDefaultLogger() methods instead.
[2016-11-23 18:58:58] DEBUG: The Symfony\Component\Debug\ErrorHandler::setLogger static method is deprecated since version 2.6 and will be removed in 3.0. Use the setLoggers() or setDefaultLogger() methods instead.
[2016-11-23 18:58:59] DEBUG: The Symfony\Component\Debug\ErrorHandler::setLogger static method is deprecated since version 2.6 and will be removed in 3.0. Use the setLoggers() or setDefaultLogger() methods instead.
[2016-11-23 18:59:00] DEBUG: The Symfony\Component\Debug\ErrorHandler::setLogger static method is deprecated since version 2.6 and will be removed in 3.0. Use the setLoggers() or setDefaultLogger() methods instead.
[2016-11-23 18:59:00] DEBUG: The Symfony\Component\Form\Extension\Csrf\CsrfProvider\CsrfProviderAdapter class is deprecated since version 2.4 and will be removed in version 3.0. Use the Symfony\Component\Security\Csrf\CsrfTokenManager class instead.
[2016-11-23 18:59:00] DEBUG: The Symfony\Component\Debug\ErrorHandler::setLogger static method is deprecated since version 2.6 and will be removed in 3.0. Use the setLoggers() or setDefaultLogger() methods instead.
[2016-11-23 18:59:01] DEBUG: The Symfony\Component\Debug\ErrorHandler::setLogger static method is deprecated since version 2.6 and will be removed in 3.0. Use the setLoggers() or setDefaultLogger() methods instead.
[2016-11-23 18:59:01] DEBUG: The Symfony\Component\Form\Extension\Csrf\CsrfProvider\CsrfProviderAdapter class is deprecated since version 2.4 and will be removed in version 3.0. Use the Symfony\Component\Security\Csrf\CsrfTokenManager class instead.
[2016-11-23 18:59:01] DEBUG: The Symfony\Component\Debug\ErrorHandler::setLogger static method is deprecated since version 2.6 and will be removed in 3.0. Use the setLoggers() or setDefaultLogger() methods instead.
[2016-11-23 18:59:02] DEBUG: The Symfony\Component\Debug\ErrorHandler::setLogger static method is deprecated since version 2.6 and will be removed in 3.0. Use the setLoggers() or setDefaultLogger() methods instead.
[2016-11-23 18:59:02] DEBUG: The Symfony\Component\Debug\ErrorHandler::setLogger static method is deprecated since version 2.6 and will be removed in 3.0. Use the setLoggers() or setDefaultLogger() methods instead.
[2016-11-23 19:03:53] DEBUG: The Symfony\Component\Debug\ErrorHandler::setLogger static method is deprecated since version 2.6 and will be removed in 3.0. Use the setLoggers() or setDefaultLogger() methods instead.
[2016-11-23 19:03:53] DEBUG: The Symfony\Component\Form\Extension\Csrf\CsrfProvider\CsrfProviderAdapter class is deprecated since version 2.4 and will be removed in version 3.0. Use the Symfony\Component\Security\Csrf\CsrfTokenManager class instead.
[2016-11-23 19:03:53] DEBUG: The Symfony\Component\Debug\ErrorHandler::setLogger static method is deprecated since version 2.6 and will be removed in 3.0. Use the setLoggers() or setDefaultLogger() methods instead.
[2016-11-23 19:03:53] DEBUG: The Symfony\Component\Debug\ErrorHandler::setLogger static method is deprecated since version 2.6 and will be removed in 3.0. Use the setLoggers() or setDefaultLogger() methods instead.
[2016-11-23 19:03:54] DEBUG: The Symfony\Component\Form\Extension\Csrf\CsrfProvider\CsrfProviderAdapter class is deprecated since version 2.4 and will be removed in version 3.0. Use the Symfony\Component\Security\Csrf\CsrfTokenManager class instead.
[2016-11-23 19:03:54] DEBUG: The Symfony\Component\Debug\ErrorHandler::setLogger static method is deprecated since version 2.6 and will be removed in 3.0. Use the setLoggers() or setDefaultLogger() methods instead.
[2016-11-23 19:03:54] DEBUG: The Symfony\Component\Debug\ErrorHandler::setLogger static method is deprecated since version 2.6 and will be removed in 3.0. Use the setLoggers() or setDefaultLogger() methods instead.
[2016-11-23 19:03:55] DEBUG: The Symfony\Component\Debug\ErrorHandler::setLogger static method is deprecated since version 2.6 and will be removed in 3.0. Use the setLoggers() or setDefaultLogger() methods instead.
[2016-11-23 19:04:04] DEBUG: The Symfony\Component\Debug\ErrorHandler::setLogger static method is deprecated since version 2.6 and will be removed in 3.0. Use the setLoggers() or setDefaultLogger() methods instead.
[2016-11-23 19:04:04] DEBUG: The Symfony\Component\Form\Extension\Csrf\CsrfProvider\CsrfProviderAdapter class is deprecated since version 2.4 and will be removed in version 3.0. Use the Symfony\Component\Security\Csrf\CsrfTokenManager class instead.
[2016-11-23 19:04:04] DEBUG: The Symfony\Component\Debug\ErrorHandler::setLogger static method is deprecated since version 2.6 and will be removed in 3.0. Use the setLoggers() or setDefaultLogger() methods instead.
[2016-11-23 19:04:05] DEBUG: The Symfony\Component\Debug\ErrorHandler::setLogger static method is deprecated since version 2.6 and will be removed in 3.0. Use the setLoggers() or setDefaultLogger() methods instead.
[2016-11-23 19:04:05] DEBUG: The Symfony\Component\Form\Extension\Csrf\CsrfProvider\CsrfProviderAdapter class is deprecated since version 2.4 and will be removed in version 3.0. Use the Symfony\Component\Security\Csrf\CsrfTokenManager class instead.
[2016-11-23 19:04:05] DEBUG: The Symfony\Component\Debug\ErrorHandler::setLogger static method is deprecated since version 2.6 and will be removed in 3.0. Use the setLoggers() or setDefaultLogger() methods instead.
[2016-11-23 19:04:06] DEBUG: The Symfony\Component\Debug\ErrorHandler::setLogger static method is deprecated since version 2.6 and will be removed in 3.0. Use the setLoggers() or setDefaultLogger() methods instead.
[2016-11-23 19:04:06] DEBUG: The Symfony\Component\Debug\ErrorHandler::setLogger static method is deprecated since version 2.6 and will be removed in 3.0. Use the setLoggers() or setDefaultLogger() methods instead.
[2016-11-23 19:26:53] DEBUG: The Symfony\Component\Debug\ErrorHandler::setLogger static method is deprecated since version 2.6 and will be removed in 3.0. Use the setLoggers() or setDefaultLogger() methods instead.
[2016-11-23 19:26:53] DEBUG: The Symfony\Component\Form\Extension\Csrf\CsrfProvider\CsrfProviderAdapter class is deprecated since version 2.4 and will be removed in version 3.0. Use the Symfony\Component\Security\Csrf\CsrfTokenManager class instead.
[2016-11-23 19:26:53] DEBUG: The Symfony\Component\Security\Core\SecurityContext class is deprecated since version 2.6 and will be removed in 3.0. Use Symfony\Component\Security\Core\Authentication\Token\Storage\TokenStorage or Symfony\Component\Security\Core\Authorization\AuthorizationChecker instead.
[2016-11-23 19:26:53] DEBUG: The Symfony\Component\Security\Core\SecurityContextInterface interface is deprecated since version 2.6 and will be removed in 3.0.
[2016-11-23 19:26:53] DEBUG: The Symfony\Component\Debug\ErrorHandler::setLogger static method is deprecated since version 2.6 and will be removed in 3.0. Use the setLoggers() or setDefaultLogger() methods instead.
[2016-11-23 19:31:51] DEBUG: The Symfony\Component\Debug\ErrorHandler::setLogger static method is deprecated since version 2.6 and will be removed in 3.0. Use the setLoggers() or setDefaultLogger() methods instead.
[2016-11-23 19:31:51] DEBUG: The Symfony\Component\Form\Extension\Csrf\CsrfProvider\CsrfProviderAdapter class is deprecated since version 2.4 and will be removed in version 3.0. Use the Symfony\Component\Security\Csrf\CsrfTokenManager class instead.
[2016-11-23 19:31:51] DEBUG: The Symfony\Component\Debug\ErrorHandler::setLogger static method is deprecated since version 2.6 and will be removed in 3.0. Use the setLoggers() or setDefaultLogger() methods instead.
[2016-11-23 19:31:54] DEBUG: The Symfony\Component\Debug\ErrorHandler::setLogger static method is deprecated since version 2.6 and will be removed in 3.0. Use the setLoggers() or setDefaultLogger() methods instead.
[2016-11-23 19:31:54] DEBUG: The Symfony\Component\Form\Extension\Csrf\CsrfProvider\CsrfProviderAdapter class is deprecated since version 2.4 and will be removed in version 3.0. Use the Symfony\Component\Security\Csrf\CsrfTokenManager class instead.
[2016-11-23 19:31:54] DEBUG: The Symfony\Component\Debug\ErrorHandler::setLogger static method is deprecated since version 2.6 and will be removed in 3.0. Use the setLoggers() or setDefaultLogger() methods instead.
[2016-11-23 19:31:57] DEBUG: The Symfony\Component\Debug\ErrorHandler::setLogger static method is deprecated since version 2.6 and will be removed in 3.0. Use the setLoggers() or setDefaultLogger() methods instead.
[2016-11-23 19:31:57] DEBUG: The Symfony\Component\Form\Extension\Csrf\CsrfProvider\CsrfProviderAdapter class is deprecated since version 2.4 and will be removed in version 3.0. Use the Symfony\Component\Security\Csrf\CsrfTokenManager class instead.
[2016-11-23 19:31:57] DEBUG: The Symfony\Component\Debug\ErrorHandler::setLogger static method is deprecated since version 2.6 and will be removed in 3.0. Use the setLoggers() or setDefaultLogger() methods instead.
[2016-11-23 19:32:00] DEBUG: The Symfony\Component\Debug\ErrorHandler::setLogger static method is deprecated since version 2.6 and will be removed in 3.0. Use the setLoggers() or setDefaultLogger() methods instead.
[2016-11-23 19:32:00] DEBUG: The Symfony\Component\Form\Extension\Csrf\CsrfProvider\CsrfProviderAdapter class is deprecated since version 2.4 and will be removed in version 3.0. Use the Symfony\Component\Security\Csrf\CsrfTokenManager class instead.
[2016-11-23 19:32:00] DEBUG: The Symfony\Component\Debug\ErrorHandler::setLogger static method is deprecated since version 2.6 and will be removed in 3.0. Use the setLoggers() or setDefaultLogger() methods instead.
[2016-11-23 19:32:02] DEBUG: The Symfony\Component\Debug\ErrorHandler::setLogger static method is deprecated since version 2.6 and will be removed in 3.0. Use the setLoggers() or setDefaultLogger() methods instead.
[2016-11-23 19:32:03] DEBUG: The Symfony\Component\Form\Extension\Csrf\CsrfProvider\CsrfProviderAdapter class is deprecated since version 2.4 and will be removed in version 3.0. Use the Symfony\Component\Security\Csrf\CsrfTokenManager class instead.
[2016-11-23 19:32:03] DEBUG: The Symfony\Component\Debug\ErrorHandler::setLogger static method is deprecated since version 2.6 and will be removed in 3.0. Use the setLoggers() or setDefaultLogger() methods instead.
[2016-11-23 19:32:05] DEBUG: The Symfony\Component\Debug\ErrorHandler::setLogger static method is deprecated since version 2.6 and will be removed in 3.0. Use the setLoggers() or setDefaultLogger() methods instead.
[2016-11-23 19:32:05] DEBUG: The Symfony\Component\Form\Extension\Csrf\CsrfProvider\CsrfProviderAdapter class is deprecated since version 2.4 and will be removed in version 3.0. Use the Symfony\Component\Security\Csrf\CsrfTokenManager class instead.
[2016-11-23 19:32:05] DEBUG: The Symfony\Component\Debug\ErrorHandler::setLogger static method is deprecated since version 2.6 and will be removed in 3.0. Use the setLoggers() or setDefaultLogger() methods instead.
[2016-11-23 19:32:07] DEBUG: The Symfony\Component\Debug\ErrorHandler::setLogger static method is deprecated since version 2.6 and will be removed in 3.0. Use the setLoggers() or setDefaultLogger() methods instead.
[2016-11-23 19:32:07] DEBUG: The Symfony\Component\Form\Extension\Csrf\CsrfProvider\CsrfProviderAdapter class is deprecated since version 2.4 and will be removed in version 3.0. Use the Symfony\Component\Security\Csrf\CsrfTokenManager class instead.
[2016-11-23 19:32:07] DEBUG: The Symfony\Component\Debug\ErrorHandler::setLogger static method is deprecated since version 2.6 and will be removed in 3.0. Use the setLoggers() or setDefaultLogger() methods instead.
[2016-11-23 19:32:12] DEBUG: The Symfony\Component\Debug\ErrorHandler::setLogger static method is deprecated since version 2.6 and will be removed in 3.0. Use the setLoggers() or setDefaultLogger() methods instead.
[2016-11-23 19:32:12] DEBUG: The Symfony\Component\Form\Extension\Csrf\CsrfProvider\CsrfProviderAdapter class is deprecated since version 2.4 and will be removed in version 3.0. Use the Symfony\Component\Security\Csrf\CsrfTokenManager class instead.
[2016-11-23 19:32:12] DEBUG: The Symfony\Component\Debug\ErrorHandler::setLogger static method is deprecated since version 2.6 and will be removed in 3.0. Use the setLoggers() or setDefaultLogger() methods instead.
[2016-11-23 19:32:15] DEBUG: The Symfony\Component\Debug\ErrorHandler::setLogger static method is deprecated since version 2.6 and will be removed in 3.0. Use the setLoggers() or setDefaultLogger() methods instead.
[2016-11-23 19:32:16] DEBUG: The Symfony\Component\Form\Extension\Csrf\CsrfProvider\CsrfProviderAdapter class is deprecated since version 2.4 and will be removed in version 3.0. Use the Symfony\Component\Security\Csrf\CsrfTokenManager class instead.
[2016-11-23 19:32:16] DEBUG: The Symfony\Component\Debug\ErrorHandler::setLogger static method is deprecated since version 2.6 and will be removed in 3.0. Use the setLoggers() or setDefaultLogger() methods instead.
[2016-11-23 20:00:28] DEBUG: The Symfony\Component\Debug\ErrorHandler::setLogger static method is deprecated since version 2.6 and will be removed in 3.0. Use the setLoggers() or setDefaultLogger() methods instead.
[2016-11-23 20:00:28] DEBUG: The Symfony\Component\Form\Extension\Csrf\CsrfProvider\CsrfProviderAdapter class is deprecated since version 2.4 and will be removed in version 3.0. Use the Symfony\Component\Security\Csrf\CsrfTokenManager class instead.
[2016-11-23 20:00:29] DEBUG: The Symfony\Component\Security\Core\SecurityContext class is deprecated since version 2.6 and will be removed in 3.0. Use Symfony\Component\Security\Core\Authentication\Token\Storage\TokenStorage or Symfony\Component\Security\Core\Authorization\AuthorizationChecker instead.
[2016-11-23 20:00:29] DEBUG: The Symfony\Component\Security\Core\SecurityContextInterface interface is deprecated since version 2.6 and will be removed in 3.0.
[2016-11-23 20:00:29] DEBUG: The Symfony\Component\Debug\ErrorHandler::setLogger static method is deprecated since version 2.6 and will be removed in 3.0. Use the setLoggers() or setDefaultLogger() methods instead.
[2016-11-23 20:00:30] DEBUG: The Symfony\Component\Debug\ErrorHandler::setLogger static method is deprecated since version 2.6 and will be removed in 3.0. Use the setLoggers() or setDefaultLogger() methods instead.
[2016-11-23 20:00:30] DEBUG: The Symfony\Component\Debug\ErrorHandler::setLogger static method is deprecated since version 2.6 and will be removed in 3.0. Use the setLoggers() or setDefaultLogger() methods instead.
[2016-11-23 20:00:48] DEBUG: The Symfony\Component\Debug\ErrorHandler::setLogger static method is deprecated since version 2.6 and will be removed in 3.0. Use the setLoggers() or setDefaultLogger() methods instead.
[2016-11-23 20:00:48] DEBUG: The Symfony\Component\Form\Extension\Csrf\CsrfProvider\CsrfProviderAdapter class is deprecated since version 2.4 and will be removed in version 3.0. Use the Symfony\Component\Security\Csrf\CsrfTokenManager class instead.
[2016-11-23 20:00:48] DEBUG: The Symfony\Component\Debug\ErrorHandler::setLogger static method is deprecated since version 2.6 and will be removed in 3.0. Use the setLoggers() or setDefaultLogger() methods instead.
[2016-11-23 20:00:51] DEBUG: The Symfony\Component\Debug\ErrorHandler::setLogger static method is deprecated since version 2.6 and will be removed in 3.0. Use the setLoggers() or setDefaultLogger() methods instead.
[2016-11-23 20:00:51] DEBUG: The Symfony\Component\Form\Extension\Csrf\CsrfProvider\CsrfProviderAdapter class is deprecated since version 2.4 and will be removed in version 3.0. Use the Symfony\Component\Security\Csrf\CsrfTokenManager class instead.
[2016-11-23 20:00:51] DEBUG: The Symfony\Component\Security\Core\SecurityContext class is deprecated since version 2.6 and will be removed in 3.0. Use Symfony\Component\Security\Core\Authentication\Token\Storage\TokenStorage or Symfony\Component\Security\Core\Authorization\AuthorizationChecker instead.
[2016-11-23 20:00:51] DEBUG: The Symfony\Component\Security\Core\SecurityContextInterface interface is deprecated since version 2.6 and will be removed in 3.0.
[2016-11-23 20:00:51] DEBUG: The Symfony\Component\Debug\ErrorHandler::setLogger static method is deprecated since version 2.6 and will be removed in 3.0. Use the setLoggers() or setDefaultLogger() methods instead.
[2016-11-23 20:00:52] DEBUG: The Symfony\Component\Debug\ErrorHandler::setLogger static method is deprecated since version 2.6 and will be removed in 3.0. Use the setLoggers() or setDefaultLogger() methods instead.
[2016-11-23 20:00:52] DEBUG: The Symfony\Component\Debug\ErrorHandler::setLogger static method is deprecated since version 2.6 and will be removed in 3.0. Use the setLoggers() or setDefaultLogger() methods instead.
[2016-11-23 20:00:55] DEBUG: The Symfony\Component\Debug\ErrorHandler::setLogger static method is deprecated since version 2.6 and will be removed in 3.0. Use the setLoggers() or setDefaultLogger() methods instead.
[2016-11-23 20:00:55] DEBUG: The Symfony\Component\Form\Extension\Csrf\CsrfProvider\CsrfProviderAdapter class is deprecated since version 2.4 and will be removed in version 3.0. Use the Symfony\Component\Security\Csrf\CsrfTokenManager class instead.
[2016-11-23 20:00:55] DEBUG: The Symfony\Component\Security\Core\SecurityContext class is deprecated since version 2.6 and will be removed in 3.0. Use Symfony\Component\Security\Core\Authentication\Token\Storage\TokenStorage or Symfony\Component\Security\Core\Authorization\AuthorizationChecker instead.
[2016-11-23 20:00:55] DEBUG: The Symfony\Component\Security\Core\SecurityContextInterface interface is deprecated since version 2.6 and will be removed in 3.0.
[2016-11-23 20:00:55] DEBUG: The Symfony\Component\Debug\ErrorHandler::setLogger static method is deprecated since version 2.6 and will be removed in 3.0. Use the setLoggers() or setDefaultLogger() methods instead.
[2016-11-23 20:00:56] DEBUG: The Symfony\Component\Debug\ErrorHandler::setLogger static method is deprecated since version 2.6 and will be removed in 3.0. Use the setLoggers() or setDefaultLogger() methods instead.
[2016-11-23 20:00:56] DEBUG: The Symfony\Component\Debug\ErrorHandler::setLogger static method is deprecated since version 2.6 and will be removed in 3.0. Use the setLoggers() or setDefaultLogger() methods instead.
[2016-11-23 20:01:03] DEBUG: The Symfony\Component\Debug\ErrorHandler::setLogger static method is deprecated since version 2.6 and will be removed in 3.0. Use the setLoggers() or setDefaultLogger() methods instead.
[2016-11-23 20:01:03] DEBUG: The Symfony\Component\Form\Extension\Csrf\CsrfProvider\CsrfProviderAdapter class is deprecated since version 2.4 and will be removed in version 3.0. Use the Symfony\Component\Security\Csrf\CsrfTokenManager class instead.
[2016-11-23 20:01:03] DEBUG: The Symfony\Component\Debug\ErrorHandler::setLogger static method is deprecated since version 2.6 and will be removed in 3.0. Use the setLoggers() or setDefaultLogger() methods instead.
[2016-11-23 20:01:04] DEBUG: The Symfony\Component\Debug\ErrorHandler::setLogger static method is deprecated since version 2.6 and will be removed in 3.0. Use the setLoggers() or setDefaultLogger() methods instead.
[2016-11-23 20:01:04] DEBUG: The Symfony\Component\Form\Extension\Csrf\CsrfProvider\CsrfProviderAdapter class is deprecated since version 2.4 and will be removed in version 3.0. Use the Symfony\Component\Security\Csrf\CsrfTokenManager class instead.
[2016-11-23 20:01:04] DEBUG: The Symfony\Component\Debug\ErrorHandler::setLogger static method is deprecated since version 2.6 and will be removed in 3.0. Use the setLoggers() or setDefaultLogger() methods instead.
[2016-11-23 20:01:05] DEBUG: The Symfony\Component\Debug\ErrorHandler::setLogger static method is deprecated since version 2.6 and will be removed in 3.0. Use the setLoggers() or setDefaultLogger() methods instead.
[2016-11-23 20:01:06] DEBUG: The Symfony\Component\Debug\ErrorHandler::setLogger static method is deprecated since version 2.6 and will be removed in 3.0. Use the setLoggers() or setDefaultLogger() methods instead.
[2016-11-23 20:01:13] DEBUG: The Symfony\Component\Debug\ErrorHandler::setLogger static method is deprecated since version 2.6 and will be removed in 3.0. Use the setLoggers() or setDefaultLogger() methods instead.
[2016-11-23 20:01:13] DEBUG: The Symfony\Component\Form\Extension\Csrf\CsrfProvider\CsrfProviderAdapter class is deprecated since version 2.4 and will be removed in version 3.0. Use the Symfony\Component\Security\Csrf\CsrfTokenManager class instead.
[2016-11-23 20:01:13] DEBUG: The Symfony\Component\Form\Extension\Csrf\CsrfProvider\CsrfTokenManagerAdapter::isCsrfTokenValid method is deprecated since version 2.4 and will be removed in version 3.0. Use the Symfony\Component\Security\Csrf\CsrfTokenManager class instead.
[2016-11-23 20:01:13] DEBUG: The Symfony\Component\Debug\ErrorHandler::setLogger static method is deprecated since version 2.6 and will be removed in 3.0. Use the setLoggers() or setDefaultLogger() methods instead.
[2016-11-23 20:01:14] DEBUG: The Symfony\Component\Debug\ErrorHandler::setLogger static method is deprecated since version 2.6 and will be removed in 3.0. Use the setLoggers() or setDefaultLogger() methods instead.
[2016-11-23 20:01:14] DEBUG: The Symfony\Component\Form\Extension\Csrf\CsrfProvider\CsrfProviderAdapter class is deprecated since version 2.4 and will be removed in version 3.0. Use the Symfony\Component\Security\Csrf\CsrfTokenManager class instead.
[2016-11-23 20:01:14] DEBUG: The Symfony\Component\Debug\ErrorHandler::setLogger static method is deprecated since version 2.6 and will be removed in 3.0. Use the setLoggers() or setDefaultLogger() methods instead.
[2016-11-23 20:01:15] DEBUG: The Symfony\Component\Debug\ErrorHandler::setLogger static method is deprecated since version 2.6 and will be removed in 3.0. Use the setLoggers() or setDefaultLogger() methods instead.
[2016-11-23 20:01:16] DEBUG: The Symfony\Component\Debug\ErrorHandler::setLogger static method is deprecated since version 2.6 and will be removed in 3.0. Use the setLoggers() or setDefaultLogger() methods instead.
[2016-11-23 20:01:22] DEBUG: The Symfony\Component\Debug\ErrorHandler::setLogger static method is deprecated since version 2.6 and will be removed in 3.0. Use the setLoggers() or setDefaultLogger() methods instead.
[2016-11-23 20:01:22] DEBUG: The Symfony\Component\Form\Extension\Csrf\CsrfProvider\CsrfProviderAdapter class is deprecated since version 2.4 and will be removed in version 3.0. Use the Symfony\Component\Security\Csrf\CsrfTokenManager class instead.
[2016-11-23 20:01:22] DEBUG: The Symfony\Component\Form\Extension\Csrf\CsrfProvider\CsrfTokenManagerAdapter::isCsrfTokenValid method is deprecated since version 2.4 and will be removed in version 3.0. Use the Symfony\Component\Security\Csrf\CsrfTokenManager class instead.
[2016-11-23 20:01:22] DEBUG: The Symfony\Component\Debug\ErrorHandler::setLogger static method is deprecated since version 2.6 and will be removed in 3.0. Use the setLoggers() or setDefaultLogger() methods instead.
[2016-11-23 20:01:23] DEBUG: The Symfony\Component\Debug\ErrorHandler::setLogger static method is deprecated since version 2.6 and will be removed in 3.0. Use the setLoggers() or setDefaultLogger() methods instead.
[2016-11-23 20:01:23] DEBUG: The Symfony\Component\Form\Extension\Csrf\CsrfProvider\CsrfProviderAdapter class is deprecated since version 2.4 and will be removed in version 3.0. Use the Symfony\Component\Security\Csrf\CsrfTokenManager class instead.
[2016-11-23 20:01:23] DEBUG: The Symfony\Component\Debug\ErrorHandler::setLogger static method is deprecated since version 2.6 and will be removed in 3.0. Use the setLoggers() or setDefaultLogger() methods instead.
[2016-11-23 20:01:24] DEBUG: The Symfony\Component\Debug\ErrorHandler::setLogger static method is deprecated since version 2.6 and will be removed in 3.0. Use the setLoggers() or setDefaultLogger() methods instead.
[2016-11-23 20:01:25] DEBUG: The Symfony\Component\Debug\ErrorHandler::setLogger static method is deprecated since version 2.6 and will be removed in 3.0. Use the setLoggers() or setDefaultLogger() methods instead.
[2016-11-23 20:01:30] DEBUG: The Symfony\Component\Debug\ErrorHandler::setLogger static method is deprecated since version 2.6 and will be removed in 3.0. Use the setLoggers() or setDefaultLogger() methods instead.
[2016-11-23 20:01:30] DEBUG: The Symfony\Component\Form\Extension\Csrf\CsrfProvider\CsrfProviderAdapter class is deprecated since version 2.4 and will be removed in version 3.0. Use the Symfony\Component\Security\Csrf\CsrfTokenManager class instead.
[2016-11-23 20:01:30] DEBUG: The Symfony\Component\Form\Extension\Csrf\CsrfProvider\CsrfTokenManagerAdapter::isCsrfTokenValid method is deprecated since version 2.4 and will be removed in version 3.0. Use the Symfony\Component\Security\Csrf\CsrfTokenManager class instead.
[2016-11-23 20:01:30] DEBUG: The Symfony\Component\Debug\ErrorHandler::setLogger static method is deprecated since version 2.6 and will be removed in 3.0. Use the setLoggers() or setDefaultLogger() methods instead.
[2016-11-23 20:01:31] DEBUG: The Symfony\Component\Debug\ErrorHandler::setLogger static method is deprecated since version 2.6 and will be removed in 3.0. Use the setLoggers() or setDefaultLogger() methods instead.
[2016-11-23 20:01:31] DEBUG: The Symfony\Component\Form\Extension\Csrf\CsrfProvider\CsrfProviderAdapter class is deprecated since version 2.4 and will be removed in version 3.0. Use the Symfony\Component\Security\Csrf\CsrfTokenManager class instead.
[2016-11-23 20:01:31] DEBUG: The Symfony\Component\Debug\ErrorHandler::setLogger static method is deprecated since version 2.6 and will be removed in 3.0. Use the setLoggers() or setDefaultLogger() methods instead.
[2016-11-23 20:01:32] DEBUG: The Symfony\Component\Debug\ErrorHandler::setLogger static method is deprecated since version 2.6 and will be removed in 3.0. Use the setLoggers() or setDefaultLogger() methods instead.
[2016-11-23 20:01:32] DEBUG: The Symfony\Component\Debug\ErrorHandler::setLogger static method is deprecated since version 2.6 and will be removed in 3.0. Use the setLoggers() or setDefaultLogger() methods instead.
[2016-11-23 20:02:00] DEBUG: The Symfony\Component\Debug\ErrorHandler::setLogger static method is deprecated since version 2.6 and will be removed in 3.0. Use the setLoggers() or setDefaultLogger() methods instead.
[2016-11-23 20:02:00] DEBUG: The Symfony\Component\Form\Extension\Csrf\CsrfProvider\CsrfProviderAdapter class is deprecated since version 2.4 and will be removed in version 3.0. Use the Symfony\Component\Security\Csrf\CsrfTokenManager class instead.
[2016-11-23 20:02:00] DEBUG: The Symfony\Component\Security\Core\SecurityContext class is deprecated since version 2.6 and will be removed in 3.0. Use Symfony\Component\Security\Core\Authentication\Token\Storage\TokenStorage or Symfony\Component\Security\Core\Authorization\AuthorizationChecker instead.
[2016-11-23 20:02:00] DEBUG: The Symfony\Component\Security\Core\SecurityContextInterface interface is deprecated since version 2.6 and will be removed in 3.0.
[2016-11-23 20:02:00] DEBUG: The Symfony\Component\Debug\ErrorHandler::setLogger static method is deprecated since version 2.6 and will be removed in 3.0. Use the setLoggers() or setDefaultLogger() methods instead.
[2016-11-23 20:02:01] DEBUG: The Symfony\Component\Debug\ErrorHandler::setLogger static method is deprecated since version 2.6 and will be removed in 3.0. Use the setLoggers() or setDefaultLogger() methods instead.
[2016-11-23 20:02:02] DEBUG: The Symfony\Component\Debug\ErrorHandler::setLogger static method is deprecated since version 2.6 and will be removed in 3.0. Use the setLoggers() or setDefaultLogger() methods instead.
[2016-11-23 20:03:34] DEBUG: The Symfony\Component\Debug\ErrorHandler::setLogger static method is deprecated since version 2.6 and will be removed in 3.0. Use the setLoggers() or setDefaultLogger() methods instead.
[2016-11-23 20:03:34] DEBUG: The Symfony\Component\Form\Extension\Csrf\CsrfProvider\CsrfProviderAdapter class is deprecated since version 2.4 and will be removed in version 3.0. Use the Symfony\Component\Security\Csrf\CsrfTokenManager class instead.
[2016-11-23 20:03:34] DEBUG: The Symfony\Component\Security\Core\SecurityContext class is deprecated since version 2.6 and will be removed in 3.0. Use Symfony\Component\Security\Core\Authentication\Token\Storage\TokenStorage or Symfony\Component\Security\Core\Authorization\AuthorizationChecker instead.
[2016-11-23 20:03:34] DEBUG: The Symfony\Component\Security\Core\SecurityContextInterface interface is deprecated since version 2.6 and will be removed in 3.0.
[2016-11-23 20:03:35] DEBUG: The Symfony\Component\Debug\ErrorHandler::setLogger static method is deprecated since version 2.6 and will be removed in 3.0. Use the setLoggers() or setDefaultLogger() methods instead.
[2016-11-23 20:03:35] DEBUG: The Symfony\Component\Debug\ErrorHandler::setLogger static method is deprecated since version 2.6 and will be removed in 3.0. Use the setLoggers() or setDefaultLogger() methods instead.
[2016-11-23 20:03:36] DEBUG: The Symfony\Component\Debug\ErrorHandler::setLogger static method is deprecated since version 2.6 and will be removed in 3.0. Use the setLoggers() or setDefaultLogger() methods instead.
[2016-11-23 20:03:40] DEBUG: The Symfony\Component\Debug\ErrorHandler::setLogger static method is deprecated since version 2.6 and will be removed in 3.0. Use the setLoggers() or setDefaultLogger() methods instead.
[2016-11-23 20:03:40] DEBUG: The Symfony\Component\Form\Extension\Csrf\CsrfProvider\CsrfProviderAdapter class is deprecated since version 2.4 and will be removed in version 3.0. Use the Symfony\Component\Security\Csrf\CsrfTokenManager class instead.
[2016-11-23 20:03:40] DEBUG: The Symfony\Component\Debug\ErrorHandler::setLogger static method is deprecated since version 2.6 and will be removed in 3.0. Use the setLoggers() or setDefaultLogger() methods instead.
[2016-11-23 20:05:44] DEBUG: The Symfony\Component\Debug\ErrorHandler::setLogger static method is deprecated since version 2.6 and will be removed in 3.0. Use the setLoggers() or setDefaultLogger() methods instead.
[2016-11-23 20:05:44] DEBUG: The Symfony\Component\Form\Extension\Csrf\CsrfProvider\CsrfProviderAdapter class is deprecated since version 2.4 and will be removed in version 3.0. Use the Symfony\Component\Security\Csrf\CsrfTokenManager class instead.
[2016-11-23 20:05:44] DEBUG: The Symfony\Component\Security\Core\SecurityContext class is deprecated since version 2.6 and will be removed in 3.0. Use Symfony\Component\Security\Core\Authentication\Token\Storage\TokenStorage or Symfony\Component\Security\Core\Authorization\AuthorizationChecker instead.
[2016-11-23 20:05:44] DEBUG: The Symfony\Component\Security\Core\SecurityContextInterface interface is deprecated since version 2.6 and will be removed in 3.0.
[2016-11-23 20:05:44] DEBUG: The Symfony\Component\Debug\ErrorHandler::setLogger static method is deprecated since version 2.6 and will be removed in 3.0. Use the setLoggers() or setDefaultLogger() methods instead.
[2016-11-23 20:05:45] DEBUG: The Symfony\Component\Debug\ErrorHandler::setLogger static method is deprecated since version 2.6 and will be removed in 3.0. Use the setLoggers() or setDefaultLogger() methods instead.
[2016-11-23 20:05:46] DEBUG: The Symfony\Component\Debug\ErrorHandler::setLogger static method is deprecated since version 2.6 and will be removed in 3.0. Use the setLoggers() or setDefaultLogger() methods instead.
[2016-11-23 20:14:13] DEBUG: The Symfony\Component\Debug\ErrorHandler::setLogger static method is deprecated since version 2.6 and will be removed in 3.0. Use the setLoggers() or setDefaultLogger() methods instead.
[2016-11-23 20:14:13] DEBUG: The Symfony\Component\Form\Extension\Csrf\CsrfProvider\CsrfProviderAdapter class is deprecated since version 2.4 and will be removed in version 3.0. Use the Symfony\Component\Security\Csrf\CsrfTokenManager class instead.
[2016-11-23 20:14:13] DEBUG: The Symfony\Component\Form\Extension\Csrf\CsrfProvider\CsrfTokenManagerAdapter::isCsrfTokenValid method is deprecated since version 2.4 and will be removed in version 3.0. Use the Symfony\Component\Security\Csrf\CsrfTokenManager class instead.
[2016-11-23 20:14:14] DEBUG: The Symfony\Component\Debug\ErrorHandler::setLogger static method is deprecated since version 2.6 and will be removed in 3.0. Use the setLoggers() or setDefaultLogger() methods instead.
[2016-11-23 20:14:14] DEBUG: The Symfony\Component\Debug\ErrorHandler::setLogger static method is deprecated since version 2.6 and will be removed in 3.0. Use the setLoggers() or setDefaultLogger() methods instead.
[2016-11-23 20:14:14] DEBUG: The Symfony\Component\Form\Extension\Csrf\CsrfProvider\CsrfProviderAdapter class is deprecated since version 2.4 and will be removed in version 3.0. Use the Symfony\Component\Security\Csrf\CsrfTokenManager class instead.
[2016-11-23 20:14:14] DEBUG: The Symfony\Component\Security\Core\SecurityContext class is deprecated since version 2.6 and will be removed in 3.0. Use Symfony\Component\Security\Core\Authentication\Token\Storage\TokenStorage or Symfony\Component\Security\Core\Authorization\AuthorizationChecker instead.
[2016-11-23 20:14:14] DEBUG: The Symfony\Component\Security\Core\SecurityContextInterface interface is deprecated since version 2.6 and will be removed in 3.0.
[2016-11-23 20:14:14] DEBUG: The Symfony\Component\Debug\ErrorHandler::setLogger static method is deprecated since version 2.6 and will be removed in 3.0. Use the setLoggers() or setDefaultLogger() methods instead.
[2016-11-23 20:14:16] DEBUG: The Symfony\Component\Debug\ErrorHandler::setLogger static method is deprecated since version 2.6 and will be removed in 3.0. Use the setLoggers() or setDefaultLogger() methods instead.
[2016-11-23 20:14:16] DEBUG: The Symfony\Component\Debug\ErrorHandler::setLogger static method is deprecated since version 2.6 and will be removed in 3.0. Use the setLoggers() or setDefaultLogger() methods instead.
[2016-11-23 20:14:30] DEBUG: The Symfony\Component\Debug\ErrorHandler::setLogger static method is deprecated since version 2.6 and will be removed in 3.0. Use the setLoggers() or setDefaultLogger() methods instead.
[2016-11-23 20:14:30] DEBUG: The Symfony\Component\Form\Extension\Csrf\CsrfProvider\CsrfProviderAdapter class is deprecated since version 2.4 and will be removed in version 3.0. Use the Symfony\Component\Security\Csrf\CsrfTokenManager class instead.
[2016-11-23 20:14:30] DEBUG: The Symfony\Component\Debug\ErrorHandler::setLogger static method is deprecated since version 2.6 and will be removed in 3.0. Use the setLoggers() or setDefaultLogger() methods instead.
[2016-11-23 20:14:31] DEBUG: The Symfony\Component\Debug\ErrorHandler::setLogger static method is deprecated since version 2.6 and will be removed in 3.0. Use the setLoggers() or setDefaultLogger() methods instead.
[2016-11-23 20:14:31] DEBUG: The Symfony\Component\Form\Extension\Csrf\CsrfProvider\CsrfProviderAdapter class is deprecated since version 2.4 and will be removed in version 3.0. Use the Symfony\Component\Security\Csrf\CsrfTokenManager class instead.
[2016-11-23 20:14:31] DEBUG: The Symfony\Component\Debug\ErrorHandler::setLogger static method is deprecated since version 2.6 and will be removed in 3.0. Use the setLoggers() or setDefaultLogger() methods instead.
[2016-11-23 20:14:32] DEBUG: The Symfony\Component\Debug\ErrorHandler::setLogger static method is deprecated since version 2.6 and will be removed in 3.0. Use the setLoggers() or setDefaultLogger() methods instead.
[2016-11-23 20:14:32] DEBUG: The Symfony\Component\Debug\ErrorHandler::setLogger static method is deprecated since version 2.6 and will be removed in 3.0. Use the setLoggers() or setDefaultLogger() methods instead.
